SF:lib/feature/home/data/model/rocket_info.dart
DA:41,1
DA:42,1
DA:60,2
DA:72,1
DA:73,1
DA:86,1
DA:87,1
DA:104,2
DA:115,2
DA:126,2
DA:139,2
LF:11
LH:11
end_of_record
SF:lib/feature/home/data/model/rocket_info.g.dart
DA:9,1
DA:10,1
DA:11,1
DA:13,2
DA:14,1
DA:16,2
DA:17,1
DA:19,2
DA:20,1
DA:21,1
DA:22,1
DA:23,1
DA:24,1
DA:25,1
DA:26,3
DA:27,1
DA:28,1
DA:29,3
DA:31,3
DA:32,1
DA:33,1
DA:34,1
DA:35,1
DA:36,2
DA:37,1
DA:38,1
DA:39,1
DA:40,1
DA:41,1
DA:43,2
DA:44,1
DA:45,1
DA:47,2
DA:48,1
DA:49,1
DA:50,1
DA:51,3
DA:52,1
DA:53,1
DA:54,1
DA:55,1
DA:56,1
DA:59,0
DA:60,0
DA:61,0
DA:62,0
DA:63,0
DA:64,0
DA:65,0
DA:66,0
DA:67,0
DA:68,0
DA:69,0
DA:70,0
DA:71,0
DA:72,0
DA:73,0
DA:74,0
DA:75,0
DA:76,0
DA:77,0
DA:78,0
DA:79,0
DA:80,0
DA:81,0
DA:82,0
DA:83,0
DA:84,0
DA:85,0
DA:86,0
DA:87,0
DA:90,2
DA:91,1
DA:92,1
DA:93,1
DA:94,1
DA:95,1
DA:96,1
DA:97,1
DA:98,1
DA:99,1
DA:102,0
DA:103,0
DA:104,0
DA:105,0
DA:106,0
DA:107,0
DA:108,0
DA:109,0
DA:110,0
DA:111,0
DA:114,2
DA:115,1
DA:116,1
DA:117,1
DA:120,0
DA:121,0
DA:122,0
DA:123,0
DA:124,0
DA:127,2
DA:128,1
DA:129,1
DA:130,1
DA:132,3
DA:135,0
DA:136,0
DA:137,0
DA:138,0
DA:139,0
DA:140,0
DA:143,2
DA:144,1
DA:146,2
DA:147,1
DA:149,2
DA:150,1
DA:152,2
DA:153,1
DA:154,1
DA:155,1
DA:156,1
DA:157,1
DA:160,0
DA:161,0
DA:162,0
DA:163,0
DA:164,0
DA:165,0
DA:166,0
DA:167,0
DA:168,0
DA:171,2
DA:172,1
DA:173,1
DA:174,1
DA:175,1
DA:178,0
DA:179,0
DA:180,0
DA:183,2
DA:184,1
DA:185,1
DA:188,0
DA:189,0
DA:190,0
DA:193,2
DA:194,1
DA:195,1
DA:196,1
DA:197,1
DA:200,0
DA:201,0
DA:202,0
DA:203,0
DA:204,0
LF:156
LH:86
end_of_record
SF:lib/feature/home/presentation/bloc/home_bloc.dart
DA:16,2
DA:17,2
DA:22,1
DA:26,4
DA:27,2
DA:28,1
DA:29,1
DA:30,4
DA:31,1
DA:35,1
DA:36,2
DA:37,1
DA:38,2
DA:39,1
DA:40,3
DA:42,1
DA:43,3
LF:17
LH:17
end_of_record
SF:lib/core/dependency_injection/di.dart
DA:9,0
DA:11,0
DA:12,0
DA:14,0
DA:18,0
DA:19,0
DA:22,0
DA:25,0
DA:26,0
LF:9
LH:0
end_of_record
SF:lib/core/utils/date_util/date_util.dart
DA:4,0
DA:6,0
LF:2
LH:0
end_of_record
SF:lib/core/utils/client_service/client_service.dart
DA:13,0
DA:17,0
DA:18,0
DA:22,0
DA:23,0
DA:24,0
DA:25,0
DA:26,0
DA:27,0
DA:34,0
DA:35,0
DA:36,0
DA:37,0
DA:44,0
DA:50,0
DA:52,0
DA:55,0
DA:58,0
DA:63,0
DA:64,0
DA:65,0
DA:66,0
DA:69,0
DA:70,0
DA:71,0
DA:72,0
DA:73,0
DA:74,0
LF:28
LH:0
end_of_record
SF:lib/core/router/route_management.gr.dart
DA:23,0
DA:24,0
DA:28,0
DA:29,0
DA:34,0
DA:35,0
DA:40,0
DA:41,0
DA:42,0
DA:44,0
DA:45,0
DA:46,0
DA:52,0
DA:53,0
DA:54,0
DA:58,0
DA:62,0
DA:72,0
DA:73,0
DA:84,0
DA:85,0
DA:96,0
DA:99,0
DA:102,0
DA:112,0
DA:121,0
DA:123,0
LF:27
LH:0
end_of_record
SF:lib/feature/home/data/repo_impl/home_repo_impl.dart
DA:10,0
DA:12,0
DA:15,0
DA:16,0
DA:17,0
DA:18,0
DA:19,0
DA:21,0
LF:8
LH:0
end_of_record
SF:lib/feature/home/presentation/view/home_view.dart
DA:11,1
DA:13,0
DA:15,0
DA:16,0
DA:17,0
DA:19,0
DA:20,0
DA:21,0
DA:22,0
DA:23,0
DA:24,0
DA:25,0
DA:26,0
DA:27,0
DA:34,0
DA:35,0
DA:36,0
DA:38,0
DA:39,0
DA:40,0
DA:41,0
LF:21
LH:1
end_of_record
SF:lib/feature/home/presentation/view/mission_detail_view.dart
DA:9,0
DA:12,0
DA:14,0
DA:15,0
DA:16,0
DA:20,0
LF:6
LH:0
end_of_record
SF:lib/feature/splash/presentation/view/splash_view.dart
DA:10,1
DA:11,0
DA:13,0
DA:14,0
DA:15,0
DA:16,0
DA:21,0
DA:22,0
DA:23,0
DA:24,0
LF:10
LH:1
end_of_record
SF:lib/core/theme/custom_text_styles.dart
DA:7,0
DA:13,0
LF:2
LH:0
end_of_record
SF:lib/core/utils/snack_bar/global_variable.dart
DA:4,2
DA:5,1
LF:2
LH:2
end_of_record
SF:lib/core/utils/snack_bar/show_snack_bar.dart
DA:7,1
DA:11,2
DA:12,0
DA:16,0
DA:17,0
DA:18,0
DA:19,0
DA:21,0
DA:24,0
DA:26,0
DA:27,0
DA:29,0
DA:31,0
DA:33,0
DA:34,0
DA:36,0
DA:37,0
DA:39,0
DA:40,0
LF:19
LH:2
end_of_record
SF:lib/core/widgets/custom_scaffold.dart
DA:6,0
DA:15,0
DA:17,0
DA:19,0
DA:20,0
DA:21,0
LF:6
LH:0
end_of_record
SF:lib/feature/home/presentation/widgets/home_page_bottom_sheet.dart
DA:7,1
DA:11,0
DA:13,0
DA:14,0
DA:15,0
DA:16,0
DA:17,0
DA:27,0
DA:28,0
DA:29,0
DA:30,0
DA:31,0
DA:32,0
DA:40,0
DA:41,0
DA:50,0
LF:16
LH:1
end_of_record
SF:lib/feature/home/presentation/widgets/item_body.dart
DA:10,0
DA:12,0
DA:14,0
DA:15,0
DA:16,0
DA:17,0
DA:18,0
DA:20,0
DA:22,0
DA:24,0
DA:26,0
DA:28,0
DA:30,0
DA:32,0
LF:14
LH:0
end_of_record
SF:lib/feature/home/presentation/widgets/home_page_bottom_sheet_content.dart
DA:11,1
DA:15,0
DA:17,0
DA:18,0
DA:19,0
DA:20,0
DA:21,0
DA:22,0
DA:23,0
DA:24,0
DA:25,0
DA:26,0
DA:27,0
DA:28,0
DA:29,0
DA:30,0
DA:34,0
DA:36,0
DA:40,0
DA:41,0
DA:42,0
DA:43,0
LF:22
LH:1
end_of_record
SF:lib/feature/home/presentation/widgets/old_rocket_item.dart
DA:13,0
DA:20,0
DA:22,0
DA:23,0
DA:24,0
DA:30,0
DA:35,0
DA:36,0
DA:39,0
DA:40,0
DA:41,0
DA:42,0
DA:43,0
DA:44,0
DA:45,0
DA:46,0
DA:48,0
DA:49,0
DA:51,0
DA:53,0
DA:54,0
DA:55,0
DA:56,0
DA:57,0
DA:58,0
DA:61,0
DA:62,0
DA:63,0
DA:64,0
DA:66,0
DA:71,0
DA:72,0
DA:77,0
LF:33
LH:0
end_of_record
SF:lib/feature/home/presentation/widgets/info_item.dart
DA:7,0
DA:16,0
DA:18,0
DA:19,0
DA:21,0
DA:22,0
DA:24,0
DA:25,0
DA:26,0
DA:29,0
DA:30,0
DA:33,0
DA:35,0
DA:37,0
DA:38,0
DA:39,0
DA:42,0
LF:17
LH:0
end_of_record
SF:lib/feature/home/presentation/widgets/patch_image_body.dart
DA:9,0
DA:16,0
DA:17,0
DA:24,0
DA:25,0
DA:26,0
DA:27,0
DA:28,0
DA:33,0
DA:37,0
DA:39,0
DA:40,0
DA:41,0
DA:42,0
DA:43,0
DA:44,0
DA:45,0
DA:46,0
DA:47,0
DA:49,0
DA:50,0
DA:53,0
DA:54,0
DA:55,0
DA:56,0
DA:57,0
LF:26
LH:0
end_of_record
SF:lib/feature/home/presentation/widgets/patch_image_success_body.dart
DA:8,0
DA:17,0
DA:19,0
DA:20,0
DA:21,0
DA:23,0
DA:24,0
DA:25,0
DA:26,0
DA:27,0
DA:28,0
DA:29,0
DA:31,0
DA:34,0
DA:35,0
DA:36,0
DA:37,0
LF:17
LH:0
end_of_record
SF:lib/feature/home/presentation/widgets/patch_image_error_body.dart
DA:8,1
DA:12,0
DA:14,0
DA:15,0
DA:16,0
DA:17,0
DA:19,0
DA:21,0
DA:22,0
DA:23,0
DA:24,0
DA:25,0
DA:27,0
LF:13
LH:1
end_of_record
SF:lib/feature/home/presentation/widgets/patch_image_name_text_body.dart
DA:7,0
DA:15,0
DA:17,0
DA:18,0
DA:20,0
DA:22,0
DA:24,0
DA:26,0
DA:27,0
DA:28,0
DA:29,0
LF:11
LH:0
end_of_record
